JCL 1.101 Testing Revision 2140
Delphi 7====================================
Installed personalities :
32 bit Delphi
============================================
Saving conditional defines...
Loaded template for include file E:\GAMEOF~1\GAMEOF~2\COMPON~1\JCL_JV~1\DEJOY_~1.14\source\jcl.template.inc
Saved include file E:\GAMEOF~1\GAMEOF~2\COMPON~1\JCL_JV~1\DEJOY_~1.14\source\jcld7.inc
Added "E:\GAMEOF~1\GAMEOF~2\COMPON~1\JCL_JV~1\DEJOY_~1.14\lib\d7;E:\GAMEOF~1\GAMEOF~2\COMPON~1\JCL_JV~1\DEJOY_~1.14\source" to library search path.
Added "E:\GAMEOF~1\GAMEOF~2\COMPON~1\JCL_JV~1\DEJOY_~1.14\source\common;E:\GAMEOF~1\GAMEOF~2\COMPON~1\JCL_JV~1\DEJOY_~1.14\source\windows;E:\GAMEOF~1\GAMEOF~2\COMPON~1\JCL_JV~1\DEJOY_~1.14\source\vcl;E:\GAMEOF~1\GAMEOF~2\COMPON~1\JCL_JV~1\DEJOY_~1.14\source\visclx" to library browsing path.
Added "E:\GAMEOF~1\GAMEOF~2\COMPON~1\JCL_JV~1\DEJOY_~1.14\lib\d7\debug" to Debug DCU Path.
Making common library units for Delphi 7
Compiling .dcu files...
"C:\Program Files\Borland\Delphi7\bin\dcc32.exe" bzip2 Jcl8087 JclAbstractContainers JclAlgorithms JclAnsiStrings JclArrayLists JclArraySets JclBase JclBinaryTrees JclBorlandTools JclComplex JclCompression JclContainerIntf JclCounter JclDateTime JclEDI JclEDISEF JclEDITranslators JclEDIXML JclEDI_ANSIX12 JclEDI_ANSIX12_Ext JclEDI_UNEDIFACT JclEDI_UNEDIFACT_Ext JclExprEval JclFileUtils JclHashMaps JclHashSets JclIniFiles JclLinkedLists JclLogic JclMath JclMIDI JclMime JclPCRE JclQueues JclResources JclRTTI JclSchedule JclSimpleXml JclStacks JclStatistics JclStreams JclStrHashMap JclStringLists JclStrings JclSysInfo JclSysUtils JclUnitConv JclUnitVersioning JclUnitVersioningProviders JclValidation JclVectors JclWideStrings pcre -U"c:\PROGRA~1\borland\delphi7\lib" -M -$C- -$D- -$I- -$L- -$O+ -$Q- -$R- -$W- -$Y- -N"..\..\lib\d7" -I".." -U".;..\windows;..\vcl;..\visclx" -R".;..\windows;..\vcl;..\visclx"
Borland Delphi Version 15.0
Copyright (c) 1983,2002 Borland Software Corporation
292203 lines, 1.39 seconds, 1920 bytes code, 112 bytes data.
Making windows library units for Delphi 7
Compiling .dcu files...
"C:\Program Files\Borland\Delphi7\bin\dcc32.exe" Hardlinks JclAppInst JclCIL JclCLR JclCOM JclConsole JclDebug JclDotNet JclHookExcept JclLANMan JclLocales JclMapi JclMetadata JclMiscel JclMsdosSys JclMultimedia JclNTFS JclPeImage JclRegistry JclSecurity JclShell JclStructStorage JclSvcCtrl JclSynch JclTask JclTD32 JclUnicode JclWideFormat JclWin32 JclWin32Ex JclWinMIDI mscoree_TLB mscorlib_TLB MSHelpServices_TLB MSTask Snmp zlibh -U"c:\PROGRA~1\borland\delphi7\lib" -M -$C- -$D- -$I- -$L- -$O+ -$Q- -$R- -$W- -$Y- -N"..\..\lib\d7" -I".." -U"..\common;.;..\vcl;..\visclx" -R"..\common;.;..\vcl;..\visclx"
Borland Delphi Version 15.0
Copyright (c) 1983,2002 Borland Software Corporation
199304 lines, 0.94 seconds, 50255 bytes code, 16736 bytes data.
Making vcl library units for Delphi 7
Compiling .dcu files...
"C:\Program Files\Borland\Delphi7\bin\dcc32.exe" JclFont JclGraphics JclGraphUtils JclPrint -U"c:\PROGRA~1\borland\delphi7\lib" -M -$C- -$D- -$I- -$L- -$O+ -$Q- -$R- -$W- -$Y- -N"..\..\lib\d7" -I".." -U"..\common;..\windows;.;..\visclx" -R"..\common;..\windows;.;..\visclx"
Borland Delphi Version 15.0
Copyright (c) 1983,2002 Borland Software Corporation
17537 lines, 0.25 seconds, 8819 bytes code, 32 bytes data.
Making visclx library units for Delphi 7
Compiling .dcu files...
"C:\Program Files\Borland\Delphi7\bin\dcc32.exe" JclQGraphics JclQGraphUtils -U"c:\PROGRA~1\borland\delphi7\lib" -M -$C- -$D- -$I- -$L- -$O+ -$Q- -$R- -$W- -$Y- -N"..\..\lib\d7" -I".." -U"..\common;..\windows;..\vcl;." -R"..\common;..\windows;..\vcl;."
Borland Delphi Version 15.0
Copyright (c) 1983,2002 Borland Software Corporation
10554 lines, 0.17 seconds, 11848 bytes code, 76 bytes data.
Making common library debug units for Delphi 7
Compiling .dcu files...
"C:\Program Files\Borland\Delphi7\bin\dcc32.exe" bzip2 Jcl8087 JclAbstractContainers JclAlgorithms JclAnsiStrings JclArrayLists JclArraySets JclBase JclBinaryTrees JclBorlandTools JclComplex JclCompression JclContainerIntf JclCounter JclDateTime JclEDI JclEDISEF JclEDITranslators JclEDIXML JclEDI_ANSIX12 JclEDI_ANSIX12_Ext JclEDI_UNEDIFACT JclEDI_UNEDIFACT_Ext JclExprEval JclFileUtils JclHashMaps JclHashSets JclIniFiles JclLinkedLists JclLogic JclMath JclMIDI JclMime JclPCRE JclQueues JclResources JclRTTI JclSchedule JclSimpleXml JclStacks JclStatistics JclStreams JclStrHashMap JclStringLists JclStrings JclSysInfo JclSysUtils JclUnitConv JclUnitVersioning JclUnitVersioningProviders JclValidation JclVectors JclWideStrings pcre -U"c:\PROGRA~1\borland\delphi7\lib" -M -$C+ -$D+ -$I+ -$L+ -$O- -$Q+ -$R+ -$W+ -$Y+ -N"..\..\lib\d7\debug" -I".." -U".;..\windows;..\vcl;..\visclx" -R".;..\windows;..\vcl;..\visclx"
Borland Delphi Version 15.0
Copyright (c) 1983,2002 Borland Software Corporation
292203 lines, 1.47 seconds, 2231 bytes code, 112 bytes data.
Making windows library debug units for Delphi 7
Compiling .dcu files...
"C:\Program Files\Borland\Delphi7\bin\dcc32.exe" Hardlinks JclAppInst JclCIL JclCLR JclCOM JclConsole JclDebug JclDotNet JclHookExcept JclLANMan JclLocales JclMapi JclMetadata JclMiscel JclMsdosSys JclMultimedia JclNTFS JclPeImage JclRegistry JclSecurity JclShell JclStructStorage JclSvcCtrl JclSynch JclTask JclTD32 JclUnicode JclWideFormat JclWin32 JclWin32Ex JclWinMIDI mscoree_TLB mscorlib_TLB MSHelpServices_TLB MSTask Snmp zlibh -U"c:\PROGRA~1\borland\delphi7\lib" -M -$C+ -$D+ -$I+ -$L+ -$O- -$Q+ -$R+ -$W+ -$Y+ -N"..\..\lib\d7\debug" -I".." -U"..\common;.;..\vcl;..\visclx" -R"..\common;.;..\vcl;..\visclx"
Borland Delphi Version 15.0
Copyright (c) 1983,2002 Borland Software Corporation
199304 lines, 1.06 seconds, 50389 bytes code, 16736 bytes data.
Making vcl library debug units for Delphi 7
Compiling .dcu files...
"C:\Program Files\Borland\Delphi7\bin\dcc32.exe" JclFont JclGraphics JclGraphUtils JclPrint -U"c:\PROGRA~1\borland\delphi7\lib" -M -$C+ -$D+ -$I+ -$L+ -$O- -$Q+ -$R+ -$W+ -$Y+ -N"..\..\lib\d7\debug" -I".." -U"..\common;..\windows;.;..\visclx" -R"..\common;..\windows;.;..\visclx"
Borland Delphi Version 15.0
Copyright (c) 1983,2002 Borland Software Corporation
17537 lines, 0.27 seconds, 10888 bytes code, 32 bytes data.
Making visclx library debug units for Delphi 7
Compiling .dcu files...
"C:\Program Files\Borland\Delphi7\bin\dcc32.exe" JclQGraphics JclQGraphUtils -U"c:\PROGRA~1\borland\delphi7\lib" -M -$C+ -$D+ -$I+ -$L+ -$O- -$Q+ -$R+ -$W+ -$Y+ -N"..\..\lib\d7\debug" -I".." -U"..\common;..\windows;..\vcl;." -R"..\common;..\windows;..\vcl;."
Borland Delphi Version 15.0
Copyright (c) 1983,2002 Borland Software Corporation
10554 lines, 0.19 seconds, 16794 bytes code, 76 bytes data.
Compiling package E:\GAMEOF~1\GAMEOF~2\COMPON~1\JCL_JV~1\DEJOY_~1.14\packages\d7\Jcl.dpk...
Compiling package E:\GAMEOF~1\GAMEOF~2\COMPON~1\JCL_JV~1\DEJOY_~1.14\packages\d7\Jcl.dpk
"C:\Program Files\Borland\Delphi7\bin\dcc32.exe" "E:\GAMEOF~1\GAMEOF~2\COMPON~1\JCL_JV~1\DEJOY_~1.14\packages\d7\Jcl.dpk" -U"c:\PROGRA~1\borland\delphi7\lib" -N"..\..\lib\d7" -I"..\..\source;..\..\experts\common" -R"..\..\source;..\..\experts\common" -U"..\..\lib\d7;c:\PROGRA~1\borland\delphi7\projects\bpl;..\..\source;..\..\experts\common" -LN"..\..\lib\d7" -LE"c:\PROGRA~1\borland\delphi7\projects\bpl"
Borland Delphi Version 15.0
Copyright (c) 1983,2002 Borland Software Corporation
137 lines, 0.58 seconds, 1114848 bytes code, 50421 bytes data.
Compilation success
...done.
Compiling package E:\GAMEOF~1\GAMEOF~2\COMPON~1\JCL_JV~1\DEJOY_~1.14\packages\d7\JclVcl.dpk...
Compiling package E:\GAMEOF~1\GAMEOF~2\COMPON~1\JCL_JV~1\DEJOY_~1.14\packages\d7\JclVcl.dpk
"C:\Program Files\Borland\Delphi7\bin\dcc32.exe" "E:\GAMEOF~1\GAMEOF~2\COMPON~1\JCL_JV~1\DEJOY_~1.14\packages\d7\JclVcl.dpk" -U"c:\PROGRA~1\borland\delphi7\lib" -N"..\..\lib\d7" -I"..\..\source;..\..\experts\common" -R"..\..\source;..\..\experts\common" -U"..\..\lib\d7;c:\PROGRA~1\borland\delphi7\projects\bpl;..\..\source;..\..\experts\common" -LN"..\..\lib\d7" -LE"c:\PROGRA~1\borland\delphi7\projects\bpl"
Borland Delphi Version 15.0
Copyright (c) 1983,2002 Borland Software Corporation
54 lines, 0.08 seconds, 72668 bytes code, 989 bytes data.
Compilation success
...done.
Compiling package E:\GAMEOF~1\GAMEOF~2\COMPON~1\JCL_JV~1\DEJOY_~1.14\packages\d7\JclVClx.dpk...
Compiling package E:\GAMEOF~1\GAMEOF~2\COMPON~1\JCL_JV~1\DEJOY_~1.14\packages\d7\JclVClx.dpk
"C:\Program Files\Borland\Delphi7\bin\dcc32.exe" "E:\GAMEOF~1\GAMEOF~2\COMPON~1\JCL_JV~1\DEJOY_~1.14\packages\d7\JclVClx.dpk" -U"c:\PROGRA~1\borland\delphi7\lib" -N"..\..\lib\d7" -I"..\..\source;..\..\experts\common" -R"..\..\source;..\..\experts\common" -U"..\..\lib\d7;c:\PROGRA~1\borland\delphi7\projects\bpl;..\..\source;..\..\experts\common" -LN"..\..\lib\d7" -LE"c:\PROGRA~1\borland\delphi7\projects\bpl"
Borland Delphi Version 15.0
Copyright (c) 1983,2002 Borland Software Corporation
51 lines, 0.08 seconds, 26036 bytes code, 633 bytes data.
Compilation success
...done.
Installing package E:\GAMEOF~1\GAMEOF~2\COMPON~1\JCL_JV~1\DEJOY_~1.14\packages\d7\JclBaseExpert.dpk...
Installing package E:\GAMEOF~1\GAMEOF~2\COMPON~1\JCL_JV~1\DEJOY_~1.14\packages\d7\JclBaseExpert.dpk
Compiling package E:\GAMEOF~1\GAMEOF~2\COMPON~1\JCL_JV~1\DEJOY_~1.14\packages\d7\JclBaseExpert.dpk
"C:\Program Files\Borland\Delphi7\bin\dcc32.exe" "E:\GAMEOF~1\GAMEOF~2\COMPON~1\JCL_JV~1\DEJOY_~1.14\packages\d7\JclBaseExpert.dpk" -U"c:\PROGRA~1\borland\delphi7\lib" -N"..\..\lib\d7" -I"..\..\source;..\..\experts\common" -R"..\..\source;..\..\experts\common" -U"..\..\lib\d7;c:\PROGRA~1\borland\delphi7\projects\bpl;..\..\source;..\..\experts\common" -LN"..\..\lib\d7" -LE"c:\PROGRA~1\borland\delphi7\projects\bpl"
Borland Delphi Version 15.0
Copyright (c) 1983,2002 Borland Software Corporation
10697 lines, 0.16 seconds, 26664 bytes code, 353 bytes data.
Compilation success
Registering package C:\Program Files\Borland\Delphi7\Projects\Bpl\JclBaseExpert70.bpl
Registration ok
Installation of package finished
...done.
Installing expert E:\GAMEOF~1\GAMEOF~2\COMPON~1\JCL_JV~1\DEJOY_~1.14\packages\d7\JclDebugExpertDLL.dpr...
Installing expert E:\GAMEOF~1\GAMEOF~2\COMPON~1\JCL_JV~1\DEJOY_~1.14\packages\d7\JclDebugExpertDLL.dpr
Compiling project E:\GAMEOF~1\GAMEOF~2\COMPON~1\JCL_JV~1\DEJOY_~1.14\packages\d7\JclDebugExpertDLL.dpr
"C:\Program Files\Borland\Delphi7\bin\dcc32.exe" "E:\GAMEOF~1\GAMEOF~2\COMPON~1\JCL_JV~1\DEJOY_~1.14\packages\d7\JclDebugExpertDLL.dpr" -U"c:\PROGRA~1\borland\delphi7\lib" -N"..\..\lib\d7" -I"..\..\source;..\..\experts\common" -R"..\..\source;..\..\experts\common" -U"..\..\lib\d7;c:\PROGRA~1\borland\delphi7\projects\bpl;..\..\source;..\..\experts\common" -LU"rtl;vcl;designide;Jcl;JclBaseExpert" -E"c:\PROGRA~1\borland\delphi7\projects\bpl"
Borland Delphi Version 15.0
Copyright (c) 1983,2002 Borland Software Corporation
2335 lines, 0.11 seconds, 15732 bytes code, 237 bytes data.
Compilation success
Registering expert C:\Program Files\Borland\Delphi7\Projects\Bpl\JclDebugExpertDLL70.dll
Registration ok
Installation of expert finished
...done.
Installing expert E:\GAMEOF~1\GAMEOF~2\COMPON~1\JCL_JV~1\DEJOY_~1.14\packages\d7\JclProjectAnalysisExpertDLL.dpr...
Installing expert E:\GAMEOF~1\GAMEOF~2\COMPON~1\JCL_JV~1\DEJOY_~1.14\packages\d7\JclProjectAnalysisExpertDLL.dpr
Compiling project E:\GAMEOF~1\GAMEOF~2\COMPON~1\JCL_JV~1\DEJOY_~1.14\packages\d7\JclProjectAnalysisExpertDLL.dpr
"C:\Program Files\Borland\Delphi7\bin\dcc32.exe" "E:\GAMEOF~1\GAMEOF~2\COMPON~1\JCL_JV~1\DEJOY_~1.14\packages\d7\JclProjectAnalysisExpertDLL.dpr" -U"c:\PROGRA~1\borland\delphi7\lib" -N"..\..\lib\d7" -I"..\..\source;..\..\experts\common" -R"..\..\source;..\..\experts\common" -U"..\..\lib\d7;c:\PROGRA~1\borland\delphi7\projects\bpl;..\..\source;..\..\experts\common" -LU"rtl;vcl;designide;Jcl;JclBaseExpert" -E"c:\PROGRA~1\borland\delphi7\projects\bpl"
Borland Delphi Version 15.0
Copyright (c) 1983,2002 Borland Software Corporation
3668 lines, 0.11 seconds, 16292 bytes code, 217 bytes data.
Compilation success
Registering expert C:\Program Files\Borland\Delphi7\Projects\Bpl\JclProjectAnalysisExpertDLL70.dll
Registration ok
Installation of expert finished
...done.
Installing expert E:\GAMEOF~1\GAMEOF~2\COMPON~1\JCL_JV~1\DEJOY_~1.14\packages\d7\JclFavoriteFoldersExpertDLL.dpr...
Installing expert E:\GAMEOF~1\GAMEOF~2\COMPON~1\JCL_JV~1\DEJOY_~1.14\packages\d7\JclFavoriteFoldersExpertDLL.dpr
Compiling project E:\GAMEOF~1\GAMEOF~2\COMPON~1\JCL_JV~1\DEJOY_~1.14\packages\d7\JclFavoriteFoldersExpertDLL.dpr
"C:\Program Files\Borland\Delphi7\bin\dcc32.exe" "E:\GAMEOF~1\GAMEOF~2\COMPON~1\JCL_JV~1\DEJOY_~1.14\packages\d7\JclFavoriteFoldersExpertDLL.dpr" -U"c:\PROGRA~1\borland\delphi7\lib" -N"..\..\lib\d7" -I"..\..\source;..\..\experts\common" -R"..\..\source;..\..\experts\common" -U"..\..\lib\d7;c:\PROGRA~1\borland\delphi7\projects\bpl;..\..\source;..\..\experts\common" -LU"rtl;vcl;designide;Jcl;JclBaseExpert" -E"c:\PROGRA~1\borland\delphi7\projects\bpl"
Borland Delphi Version 15.0
Copyright (c) 1983,2002 Borland Software Corporation
3394 lines, 0.11 seconds, 9484 bytes code, 201 bytes data.
Compilation success
Registering expert C:\Program Files\Borland\Delphi7\Projects\Bpl\JclFavoriteFoldersExpertDLL70.dll
Registration ok
Installation of expert finished
...done.
Installing expert E:\GAMEOF~1\GAMEOF~2\COMPON~1\JCL_JV~1\DEJOY_~1.14\packages\d7\JclRepositoryExpertDLL.dpr...
Installing expert E:\GAMEOF~1\GAMEOF~2\COMPON~1\JCL_JV~1\DEJOY_~1.14\packages\d7\JclRepositoryExpertDLL.dpr
Compiling project E:\GAMEOF~1\GAMEOF~2\COMPON~1\JCL_JV~1\DEJOY_~1.14\packages\d7\JclRepositoryExpertDLL.dpr
"C:\Program Files\Borland\Delphi7\bin\dcc32.exe" "E:\GAMEOF~1\GAMEOF~2\COMPON~1\JCL_JV~1\DEJOY_~1.14\packages\d7\JclRepositoryExpertDLL.dpr" -U"c:\PROGRA~1\borland\delphi7\lib" -N"..\..\lib\d7" -I"..\..\source;..\..\experts\common" -R"..\..\source;..\..\experts\common" -U"..\..\lib\d7;c:\PROGRA~1\borland\delphi7\projects\bpl;..\..\source;..\..\experts\common" -LU"rtl;vcl;designide;Jcl;JclBaseExpert" -E"c:\PROGRA~1\borland\delphi7\projects\bpl"
Borland Delphi Version 15.0
Copyright (c) 1983,2002 Borland Software Corporation
15771 lines, 0.16 seconds, 4820 bytes code, 189 bytes data.
Compilation success
Registering expert C:\Program Files\Borland\Delphi7\Projects\Bpl\JclRepositoryExpertDLL70.dll
Registration ok
Installation of expert finished
...done.
Installing expert E:\GAMEOF~1\GAMEOF~2\COMPON~1\JCL_JV~1\DEJOY_~1.14\packages\d7\JclUsesExpertDLL.dpr...
Installing expert E:\GAMEOF~1\GAMEOF~2\COMPON~1\JCL_JV~1\DEJOY_~1.14\packages\d7\JclUsesExpertDLL.dpr
Compiling project E:\GAMEOF~1\GAMEOF~2\COMPON~1\JCL_JV~1\DEJOY_~1.14\packages\d7\JclUsesExpertDLL.dpr
"C:\Program Files\Borland\Delphi7\bin\dcc32.exe" "E:\GAMEOF~1\GAMEOF~2\COMPON~1\JCL_JV~1\DEJOY_~1.14\packages\d7\JclUsesExpertDLL.dpr" -U"c:\PROGRA~1\borland\delphi7\lib" -N"..\..\lib\d7" -I"..\..\source;..\..\experts\common" -R"..\..\source;..\..\experts\common" -U"..\..\lib\d7;c:\PROGRA~1\borland\delphi7\projects\bpl;..\..\source;..\..\experts\common" -LU"rtl;vcl;designide;Jcl;JclBaseExpert" -E"c:\PROGRA~1\borland\delphi7\projects\bpl"
Borland Delphi Version 15.0
Copyright (c) 1983,2002 Borland Software Corporation
6293 lines, 0.11 seconds, 24628 bytes code, 317 bytes data.
Compilation success
Registering expert C:\Program Files\Borland\Delphi7\Projects\Bpl\JclUsesExpertDLL70.dll
Registration ok
Installation of expert finished
...done.
Installing expert E:\GAMEOF~1\GAMEOF~2\COMPON~1\JCL_JV~1\DEJOY_~1.14\packages\d7\JclSIMDViewExpertDLL.dpr...
Installing expert E:\GAMEOF~1\GAMEOF~2\COMPON~1\JCL_JV~1\DEJOY_~1.14\packages\d7\JclSIMDViewExpertDLL.dpr
Compiling project E:\GAMEOF~1\GAMEOF~2\COMPON~1\JCL_JV~1\DEJOY_~1.14\packages\d7\JclSIMDViewExpertDLL.dpr
"C:\Program Files\Borland\Delphi7\bin\dcc32.exe" "E:\GAMEOF~1\GAMEOF~2\COMPON~1\JCL_JV~1\DEJOY_~1.14\packages\d7\JclSIMDViewExpertDLL.dpr" -U"c:\PROGRA~1\borland\delphi7\lib" -N"..\..\lib\d7" -I"..\..\source;..\..\experts\common" -R"..\..\source;..\..\experts\common" -U"..\..\lib\d7;c:\PROGRA~1\borland\delphi7\projects\bpl;..\..\source;..\..\experts\common" -LU"rtl;vcl;designide;Jcl;JclBaseExpert" -E"c:\PROGRA~1\borland\delphi7\projects\bpl"
Borland Delphi Version 15.0
Copyright (c) 1983,2002 Borland Software Corporation
9805 lines, 0.12 seconds, 36076 bytes code, 697 bytes data.
Compilation success
Registering expert C:\Program Files\Borland\Delphi7\Projects\Bpl\JclSIMDViewExpertDLL70.dll
Registration ok
Installation of expert finished
...done.
